<?xml version="1.0" encoding="UTF-8"?>
<!-- Generated by org.testng.reporters.JUnitXMLReporter -->
<testsuite hostname="DESKTOP-2FMP69Q" ignored="0" name="Default test" tests="4" failures="0" timestamp="17 Sep 2021 18:23:45 GMT" time="0.11" errors="0">
  <testcase name="deleteCustomer" time="0.007" classname="com.actitime.test.CustomerModule1"/>
  <testcase name="registerCustomer" time="0.002" classname="com.actitime.test.CustomerModule1"/>
  <testcase name="editCustomer" time="0.003" classname="com.actitime.test.CustomerModule1"/>
  <testcase name="editCustomer" time="0.001" classname="com.actitime.test.CustomerModule1"/>
</testsuite> <!-- Default test -->
